  [1m[36m (93.0ms)[0m  [1mCREATE TABLE "schema_migrations" ("version" varchar NOT NULL) [0m
  [1m[35m (0.0ms)[0m  select sqlite_version(*)
  [1m[36m (63.0ms)[0m  [1mCREATE UNIQUE INDEX "unique_schema_migrations" ON "schema_migrations" ("version")[0m
  [1m[35mActiveRecord::SchemaMigration Load (0.0ms)[0m  SELECT "schema_migrations".* FROM "schema_migrations"
Migrating to CreateUsers (20150803154924)
  [1m[36m (0.0ms)[0m  [1mbegin transaction[0m
  [1m[35m (4.0ms)[0m  CREATE TABLE "users" ("id" INTEGER PRIMARY KEY AUTOINCREMENT NOT NULL, "name" varchar, "email" varchar, "created_at" datetime NOT NULL, "updated_at" datetime NOT NULL) 
  [1m[36mSQL (0.0ms)[0m  [1mINSERT INTO "schema_migrations" ("version") VALUES (?)[0m  [["version", "20150803154924"]]
  [1m[35m (66.0ms)[0m  commit transaction
  [1m[36mActiveRecord::SchemaMigration Load (0.0ms)[0m  [1mSELECT "schema_migrations".* FROM "schema_migrations"[0m


Started GET "/" for ::1 at 2015-08-04 00:51:14 +0900
  [1m[36mActiveRecord::SchemaMigration Load (0.0ms)[0m  [1mSELECT "schema_migrations".* FROM "schema_migrations"[0m
Processing by Rails::WelcomeController#index as HTML
  Rendered C:/Ruby21/lib/ruby/gems/2.1.0/gems/railties-4.2.3/lib/rails/templates/rails/welcome/index.html.erb (2.0ms)
Completed 200 OK in 23ms (Views: 11.0ms | ActiveRecord: 0.0ms)
  [1m[36mActiveRecord::SchemaMigration Load (1.0ms)[0m  [1mSELECT "schema_migrations".* FROM "schema_migrations"[0m
  [1m[35mActiveRecord::SchemaMigration Load (1.0ms)[0m  SELECT "schema_migrations".* FROM "schema_migrations"


Started GET "/" for ::1 at 2015-08-04 20:17:43 +0900
  [1m[36mActiveRecord::SchemaMigration Load (0.0ms)[0m  [1mSELECT "schema_migrations".* FROM "schema_migrations"[0m
Processing by Rails::WelcomeController#index as HTML
  Rendered C:/Ruby21/lib/ruby/gems/2.1.0/gems/railties-4.2.3/lib/rails/templates/rails/welcome/index.html.erb (4.0ms)
Completed 200 OK in 38ms (Views: 24.0ms | ActiveRecord: 0.0ms)


Started GET "/users" for ::1 at 2015-08-04 20:30:46 +0900
Processing by UsersController#index as HTML
  [1m[35mUser Load (0.0ms)[0m  SELECT "users".* FROM "users"
  Rendered users/index.html.erb within layouts/application (11.0ms)
Completed 200 OK in 1454ms (Views: 1444.1ms | ActiveRecord: 1.0ms)


Started GET "/assets/scaffolds.self-644544a32b969a8b5c47b198fed668e51a8367359439b3832d6f5351aca87d93.css?body=1" for ::1 at 2015-08-04 20:30:47 +0900


Started GET "/users/new" for ::1 at 2015-08-04 20:31:59 +0900
Processing by UsersController#new as HTML
  Rendered users/_form.html.erb (160.0ms)
  Rendered users/new.html.erb within layouts/application (178.0ms)
Completed 200 OK in 248ms (Views: 244.4ms | ActiveRecord: 0.0ms)


Started POST "/users" for ::1 at 2015-08-04 20:32:23 +0900
Processing by UsersController#create as HTML
  Parameters: {"utf8"=>"âœ“", "authenticity_token"=>"nnkRLBD3MTfdULUTfT6hiU6aKw0I9d+Th0B/FskgxqYLcZuyFjr6o29ODp7EFSRbbjx95eRBMtK771DwOFKSUA==", "user"=>{"name"=>"é«˜æ©‹ã€€å’Œå½¦", "email"=>"takaramuu@gmail.com"}, "commit"=>"Create User"}
  [1m[36m (1.0ms)[0m  [1mbegin transaction[0m
  [1m[35mSQL (1.0ms)[0m  INSERT INTO "users" ("name", "email", "created_at", "updated_at") VALUES (?, ?, ?, ?)  [["name", "é«˜æ©‹ã€€å’Œå½¦"], ["email", "takaramuu@gmail.com"], ["created_at", "2015-08-04 11:32:23.639850"], ["updated_at", "2015-08-04 11:32:23.639850"]]
  [1m[36m (57.0ms)[0m  [1mcommit transaction[0m
Redirected to http://localhost:3000/users/1
Completed 302 Found in 83ms (ActiveRecord: 59.0ms)


Started GET "/users/1" for ::1 at 2015-08-04 20:32:23 +0900
Processing by UsersController#show as HTML
  Parameters: {"id"=>"1"}
  [1m[35mUser Load (1.0ms)[0m  SELECT  "users".* FROM "users" WHERE "users"."id" = ? LIMIT 1  [["id", 1]]
  Rendered users/show.html.erb within layouts/application (1.0ms)
Completed 200 OK in 98ms (Views: 51.0ms | ActiveRecord: 1.0ms)


Started GET "/users" for ::1 at 2015-08-04 20:32:26 +0900
Processing by UsersController#index as HTML
  [1m[36mUser Load (0.0ms)[0m  [1mSELECT "users".* FROM "users"[0m
  Rendered users/index.html.erb within layouts/application (15.6ms)
Completed 200 OK in 47ms (Views: 46.8ms | ActiveRecord: 0.0ms)


Started GET "/users/new" for ::1 at 2015-08-04 20:32:27 +0900
Processing by UsersController#new as HTML
  Rendered users/_form.html.erb (0.0ms)
  Rendered users/new.html.erb within layouts/application (3.0ms)
Completed 200 OK in 70ms (Views: 70.4ms | ActiveRecord: 0.0ms)


Started POST "/users" for ::1 at 2015-08-04 20:32:58 +0900
Processing by UsersController#create as HTML
  Parameters: {"utf8"=>"âœ“", "authenticity_token"=>"qCZB9iKVPkXxSYXmzHBclPd3eXvsjnLIPsC/5brGepM9LstoJFj10UNXPmt1W9lG19EvkwA6n4kCb5ADS7QuZQ==", "user"=>{"name"=>"é«˜æ©‹ã€€é‡Œå®Ÿ", "email"=>"satochan@gmail.com"}, "commit"=>"Create User"}
  [1m[35m (0.0ms)[0m  begin transaction
  [1m[36mSQL (1.0ms)[0m  [1mINSERT INTO "users" ("name", "email", "created_at", "updated_at") VALUES (?, ?, ?, ?)[0m  [["name", "é«˜æ©‹ã€€é‡Œå®Ÿ"], ["email", "satochan@gmail.com"], ["created_at", "2015-08-04 11:32:58.691085"], ["updated_at", "2015-08-04 11:32:58.691085"]]
  [1m[35m (81.0ms)[0m  commit transaction
Redirected to http://localhost:3000/users/2
Completed 302 Found in 96ms (ActiveRecord: 82.0ms)


Started GET "/users/2" for ::1 at 2015-08-04 20:32:58 +0900
Processing by UsersController#show as HTML
  Parameters: {"id"=>"2"}
  [1m[36mUser Load (0.0ms)[0m  [1mSELECT  "users".* FROM "users" WHERE "users"."id" = ? LIMIT 1[0m  [["id", 2]]
  Rendered users/show.html.erb within layouts/application (1.0ms)
Completed 200 OK in 73ms (Views: 62.0ms | ActiveRecord: 0.0ms)


Started GET "/users" for ::1 at 2015-08-04 20:33:01 +0900
Processing by UsersController#index as HTML
  [1m[35mUser Load (0.0ms)[0m  SELECT "users".* FROM "users"
  Rendered users/index.html.erb within layouts/application (0.0ms)
Completed 200 OK in 62ms (Views: 62.4ms | ActiveRecord: 0.0ms)


Started GET "/users/new" for ::1 at 2015-08-04 20:33:02 +0900
Processing by UsersController#new as HTML
  Rendered users/_form.html.erb (2.0ms)
  Rendered users/new.html.erb within layouts/application (3.0ms)
Completed 200 OK in 86ms (Views: 86.0ms | ActiveRecord: 0.0ms)


Started POST "/users" for ::1 at 2015-08-04 20:33:25 +0900
Processing by UsersController#create as HTML
  Parameters: {"utf8"=>"âœ“", "authenticity_token"=>"BklHdhtOAfrApxBLEAK5Qy9zSatFZPYOuCiY/Am7EyWTQc3oHYPKbnK5q8apKTyRD9UfQ6nQG0+Eh7ca+MlH0w==", "user"=>{"name"=>"é«˜æ©‹ã€€ã¦ã‚“", "email"=>"ten@gmail.com"}, "commit"=>"Create User"}
  [1m[36m (0.0ms)[0m  [1mbegin transaction[0m
  [1m[35mSQL (1.0ms)[0m  INSERT INTO "users" ("name", "email", "created_at", "updated_at") VALUES (?, ?, ?, ?)  [["name", "é«˜æ©‹ã€€ã¦ã‚“"], ["email", "ten@gmail.com"], ["created_at", "2015-08-04 11:33:25.459202"], ["updated_at", "2015-08-04 11:33:25.459202"]]
  [1m[36m (110.0ms)[0m  [1mcommit transaction[0m
Redirected to http://localhost:3000/users/3
Completed 302 Found in 132ms (ActiveRecord: 111.0ms)


Started GET "/users/3" for ::1 at 2015-08-04 20:33:25 +0900
Processing by UsersController#show as HTML
  Parameters: {"id"=>"3"}
  [1m[35mUser Load (1.0ms)[0m  SELECT  "users".* FROM "users" WHERE "users"."id" = ? LIMIT 1  [["id", 3]]
  Rendered users/show.html.erb within layouts/application (0.0ms)
Completed 200 OK in 57ms (Views: 56.0ms | ActiveRecord: 1.0ms)


Started GET "/users" for ::1 at 2015-08-04 20:33:27 +0900
Processing by UsersController#index as HTML
  [1m[36mUser Load (1.0ms)[0m  [1mSELECT "users".* FROM "users"[0m
  Rendered users/index.html.erb within layouts/application (3.0ms)
Completed 200 OK in 76ms (Views: 74.4ms | ActiveRecord: 1.0ms)
  [1m[36mActiveRecord::SchemaMigration Load (0.0ms)[0m  [1mSELECT "schema_migrations".* FROM "schema_migrations"[0m
Migrating to CreateMicroposts (20150804114411)
  [1m[35m (0.0ms)[0m  begin transaction
  [1m[36m (0.0ms)[0m  [1mCREATE TABLE "microposts" ("id" INTEGER PRIMARY KEY AUTOINCREMENT NOT NULL, "content" varchar, "user_id" integer, "created_at" datetime NOT NULL, "updated_at" datetime NOT NULL) [0m
  [1m[35mSQL (0.0ms)[0m  INSERT INTO "schema_migrations" ("version") VALUES (?)  [["version", "20150804114411"]]
  [1m[36m (62.4ms)[0m  [1mcommit transaction[0m
  [1m[35mActiveRecord::SchemaMigration Load (0.0ms)[0m  SELECT "schema_migrations".* FROM "schema_migrations"
  [1m[36mUser Load (0.0ms)[0m  [1mSELECT  "users".* FROM "users"  ORDER BY "users"."id" ASC LIMIT 1[0m
  [1m[36mUser Load (0.0ms)[0m  [1mSELECT  "users".* FROM "users"  ORDER BY "users"."id" ASC LIMIT 1[0m


Started GET "/microposts" for ::1 at 2015-08-04 21:25:24 +0900
  [1m[36mActiveRecord::SchemaMigration Load (0.0ms)[0m  [1mSELECT "schema_migrations".* FROM "schema_migrations"[0m
Processing by MicropostsController#index as HTML
Completed 500 Internal Server Error in 15ms (ActiveRecord: 0.0ms)

SyntaxError (c:/developer/rails/demo_app/app/models/micropost.rb:3: syntax error, unexpected tLABEL
	validation :content, length:( maximum: 140 )
	                                      ^):
  app/models/micropost.rb:3: syntax error, unexpected tLABEL
  app/controllers/microposts_controller.rb:7:in `index'


  Rendered C:/Ruby21/lib/ruby/gems/2.1.0/gems/actionpack-4.2.3/lib/action_dispatch/middleware/templates/rescues/_source.erb (1.0ms)
  Rendered C:/Ruby21/lib/ruby/gems/2.1.0/gems/actionpack-4.2.3/lib/action_dispatch/middleware/templates/rescues/_trace.html.erb (3.0ms)
  Rendered C:/Ruby21/lib/ruby/gems/2.1.0/gems/actionpack-4.2.3/lib/action_dispatch/middleware/templates/rescues/_request_and_response.html.erb (0.0ms)
  Rendered C:/Ruby21/lib/ruby/gems/2.1.0/gems/actionpack-4.2.3/lib/action_dispatch/middleware/templates/rescues/diagnostics.html.erb within rescues/layout (54.0ms)
  Rendered C:/Ruby21/lib/ruby/gems/2.1.0/gems/web-console-2.2.1/lib/web_console/templates/_markup.html.erb (0.0ms)
  Rendered C:/Ruby21/lib/ruby/gems/2.1.0/gems/web-console-2.2.1/lib/web_console/templates/_inner_console_markup.html.erb within layouts/inlined_string (0.0ms)
  Rendered C:/Ruby21/lib/ruby/gems/2.1.0/gems/web-console-2.2.1/lib/web_console/templates/_prompt_box_markup.html.erb within layouts/inlined_string (0.0ms)
  Rendered C:/Ruby21/lib/ruby/gems/2.1.0/gems/web-console-2.2.1/lib/web_console/templates/style.css.erb within layouts/inlined_string (0.0ms)
  Rendered C:/Ruby21/lib/ruby/gems/2.1.0/gems/web-console-2.2.1/lib/web_console/templates/console.js.erb within layouts/javascript (38.0ms)
  Rendered C:/Ruby21/lib/ruby/gems/2.1.0/gems/web-console-2.2.1/lib/web_console/templates/main.js.erb within layouts/javascript (0.0ms)
  Rendered C:/Ruby21/lib/ruby/gems/2.1.0/gems/web-console-2.2.1/lib/web_console/templates/error_page.js.erb within layouts/javascript (1.0ms)
  Rendered C:/Ruby21/lib/ruby/gems/2.1.0/gems/web-console-2.2.1/lib/web_console/templates/index.html.erb (97.0ms)


Started GET "/micropost" for ::1 at 2015-08-04 21:25:30 +0900

ActionController::RoutingError (No route matches [GET] "/micropost"):
  actionpack (4.2.3) lib/action_dispatch/middleware/debug_exceptions.rb:21:in `call'
  web-console (2.2.1) lib/web_console/middleware.rb:39:in `call'
  actionpack (4.2.3) lib/action_dispatch/middleware/show_exceptions.rb:30:in `call'
  railties (4.2.3) lib/rails/rack/logger.rb:38:in `call_app'
  railties (4.2.3) lib/rails/rack/logger.rb:20:in `block in call'
  activesupport (4.2.3) lib/active_support/tagged_logging.rb:68:in `block in tagged'
  activesupport (4.2.3) lib/active_support/tagged_logging.rb:26:in `tagged'
  activesupport (4.2.3) lib/active_support/tagged_logging.rb:68:in `tagged'
  railties (4.2.3) lib/rails/rack/logger.rb:20:in `call'
  actionpack (4.2.3) lib/action_dispatch/middleware/request_id.rb:21:in `call'
  rack (1.6.4) lib/rack/methodoverride.rb:22:in `call'
  rack (1.6.4) lib/rack/runtime.rb:18:in `call'
  activesupport (4.2.3) lib/active_support/cache/strategy/local_cache_middleware.rb:28:in `call'
  rack (1.6.4) lib/rack/lock.rb:17:in `call'
  actionpack (4.2.3) lib/action_dispatch/middleware/static.rb:116:in `call'
  rack (1.6.4) lib/rack/sendfile.rb:113:in `call'
  railties (4.2.3) lib/rails/engine.rb:518:in `call'
  railties (4.2.3) lib/rails/application.rb:165:in `call'
  rack (1.6.4) lib/rack/lock.rb:17:in `call'
  rack (1.6.4) lib/rack/content_length.rb:15:in `call'
  rack (1.6.4) lib/rack/handler/webrick.rb:88:in `service'
  C:/Ruby21/lib/ruby/2.1.0/webrick/httpserver.rb:138:in `service'
  C:/Ruby21/lib/ruby/2.1.0/webrick/httpserver.rb:94:in `run'
  C:/Ruby21/lib/ruby/2.1.0/webrick/server.rb:295:in `block in start_thread'


  Rendered C:/Ruby21/lib/ruby/gems/2.1.0/gems/actionpack-4.2.3/lib/action_dispatch/middleware/templates/rescues/_trace.html.erb (4.0ms)
  Rendered C:/Ruby21/lib/ruby/gems/2.1.0/gems/actionpack-4.2.3/lib/action_dispatch/middleware/templates/routes/_route.html.erb (2.0ms)
  Rendered C:/Ruby21/lib/ruby/gems/2.1.0/gems/actionpack-4.2.3/lib/action_dispatch/middleware/templates/routes/_table.html.erb (12.0ms)
  Rendered C:/Ruby21/lib/ruby/gems/2.1.0/gems/actionpack-4.2.3/lib/action_dispatch/middleware/templates/rescues/_request_and_response.html.erb (1.0ms)
  Rendered C:/Ruby21/lib/ruby/gems/2.1.0/gems/actionpack-4.2.3/lib/action_dispatch/middleware/templates/rescues/routing_error.html.erb within rescues/layout (100.0ms)
  Rendered C:/Ruby21/lib/ruby/gems/2.1.0/gems/web-console-2.2.1/lib/web_console/templates/_markup.html.erb (0.0ms)
  Rendered C:/Ruby21/lib/ruby/gems/2.1.0/gems/web-console-2.2.1/lib/web_console/templates/_inner_console_markup.html.erb within layouts/inlined_string (0.0ms)
  Rendered C:/Ruby21/lib/ruby/gems/2.1.0/gems/web-console-2.2.1/lib/web_console/templates/_prompt_box_markup.html.erb within layouts/inlined_string (0.0ms)
  Rendered C:/Ruby21/lib/ruby/gems/2.1.0/gems/web-console-2.2.1/lib/web_console/templates/style.css.erb within layouts/inlined_string (0.0ms)
  Rendered C:/Ruby21/lib/ruby/gems/2.1.0/gems/web-console-2.2.1/lib/web_console/templates/console.js.erb within layouts/javascript (23.0ms)
  Rendered C:/Ruby21/lib/ruby/gems/2.1.0/gems/web-console-2.2.1/lib/web_console/templates/main.js.erb within layouts/javascript (0.0ms)
  Rendered C:/Ruby21/lib/ruby/gems/2.1.0/gems/web-console-2.2.1/lib/web_console/templates/error_page.js.erb within layouts/javascript (0.0ms)
  Rendered C:/Ruby21/lib/ruby/gems/2.1.0/gems/web-console-2.2.1/lib/web_console/templates/index.html.erb (55.0ms)


Started GET "/microposts" for ::1 at 2015-08-04 21:28:42 +0900
Processing by MicropostsController#index as HTML
Completed 500 Internal Server Error in 3ms (ActiveRecord: 0.0ms)

SyntaxError (c:/developer/rails/demo_app/app/models/micropost.rb:3: syntax error, unexpected tLABEL
	validation :content, length:( maximum: 140 )
	                                      ^):
  app/models/micropost.rb:3: syntax error, unexpected tLABEL
  app/controllers/microposts_controller.rb:7:in `index'


  Rendered C:/Ruby21/lib/ruby/gems/2.1.0/gems/actionpack-4.2.3/lib/action_dispatch/middleware/templates/rescues/_source.erb (0.0ms)
  Rendered C:/Ruby21/lib/ruby/gems/2.1.0/gems/actionpack-4.2.3/lib/action_dispatch/middleware/templates/rescues/_trace.html.erb (2.0ms)
  Rendered C:/Ruby21/lib/ruby/gems/2.1.0/gems/actionpack-4.2.3/lib/action_dispatch/middleware/templates/rescues/_request_and_response.html.erb (1.0ms)
  Rendered C:/Ruby21/lib/ruby/gems/2.1.0/gems/actionpack-4.2.3/lib/action_dispatch/middleware/templates/rescues/diagnostics.html.erb within rescues/layout (24.0ms)
  Rendered C:/Ruby21/lib/ruby/gems/2.1.0/gems/web-console-2.2.1/lib/web_console/templates/_markup.html.erb (0.0ms)
  Rendered C:/Ruby21/lib/ruby/gems/2.1.0/gems/web-console-2.2.1/lib/web_console/templates/_inner_console_markup.html.erb within layouts/inlined_string (0.0ms)
  Rendered C:/Ruby21/lib/ruby/gems/2.1.0/gems/web-console-2.2.1/lib/web_console/templates/_prompt_box_markup.html.erb within layouts/inlined_string (1.0ms)
  Rendered C:/Ruby21/lib/ruby/gems/2.1.0/gems/web-console-2.2.1/lib/web_console/templates/style.css.erb within layouts/inlined_string (1.0ms)
  Rendered C:/Ruby21/lib/ruby/gems/2.1.0/gems/web-console-2.2.1/lib/web_console/templates/console.js.erb within layouts/javascript (23.0ms)
  Rendered C:/Ruby21/lib/ruby/gems/2.1.0/gems/web-console-2.2.1/lib/web_console/templates/main.js.erb within layouts/javascript (0.0ms)
  Rendered C:/Ruby21/lib/ruby/gems/2.1.0/gems/web-console-2.2.1/lib/web_console/templates/error_page.js.erb within layouts/javascript (1.0ms)
  Rendered C:/Ruby21/lib/ruby/gems/2.1.0/gems/web-console-2.2.1/lib/web_console/templates/index.html.erb (50.0ms)


Started GET "/microposts" for 127.0.0.1 at 2015-08-04 21:30:20 +0900
  [1m[36mActiveRecord::SchemaMigration Load (0.0ms)[0m  [1mSELECT "schema_migrations".* FROM "schema_migrations"[0m
Processing by MicropostsController#index as HTML
  [1m[35mMicropost Load (0.0ms)[0m  SELECT "microposts".* FROM "microposts"
  Rendered microposts/index.html.erb within layouts/application (3.0ms)
Completed 200 OK in 388ms (Views: 342.0ms | ActiveRecord: 0.0ms)


Started GET "/microposts/new" for 127.0.0.1 at 2015-08-04 21:30:23 +0900
Processing by MicropostsController#new as HTML
  Rendered microposts/_form.html.erb (23.6ms)
  Rendered microposts/new.html.erb within layouts/application (27.6ms)
Completed 200 OK in 66ms (Views: 61.8ms | ActiveRecord: 0.0ms)


Started POST "/microposts" for ::1 at 2015-08-04 21:31:25 +0900
Processing by MicropostsController#create as HTML
  Parameters: {"utf8"=>"âœ“", "authenticity_token"=>"xuWeknQagChUUy/6hDV1OEyMRh8CfT8i7FfC9x+lXppT7RQMctdLvOZNlHc9HvDqbCoQ9+7J0mPQ+O0R7tcKbA==", "micropost"=>{"content"=>"æ–°é™°æµã€€ç›®éŒ²ã€€å…¨å‰£é€£å±…åˆé“ã€€å‚æ®µ", "user_id"=>"1"}, "commit"=>"Create Micropost"}
  [1m[36m (0.0ms)[0m  [1mbegin transaction[0m
  [1m[35mSQL (1.0ms)[0m  INSERT INTO "microposts" ("content", "user_id", "created_at", "updated_at") VALUES (?, ?, ?, ?)  [["content", "æ–°é™°æµã€€ç›®éŒ²ã€€å…¨å‰£é€£å±…åˆé“ã€€å‚æ®µ"], ["user_id", 1], ["created_at", "2015-08-04 12:31:25.820955"], ["updated_at", "2015-08-04 12:31:25.820955"]]
  [1m[36m (88.0ms)[0m  [1mcommit transaction[0m
Redirected to http://localhost:3000/microposts/1
Completed 302 Found in 105ms (ActiveRecord: 89.0ms)


Started GET "/microposts/1" for ::1 at 2015-08-04 21:31:25 +0900
Processing by MicropostsController#show as HTML
  Parameters: {"id"=>"1"}
  [1m[35mMicropost Load (1.0ms)[0m  SELECT  "microposts".* FROM "microposts" WHERE "microposts"."id" = ? LIMIT 1  [["id", 1]]
  Rendered microposts/show.html.erb within layouts/application (2.0ms)
Completed 200 OK in 107ms (Views: 76.0ms | ActiveRecord: 1.0ms)


Started GET "/microposts" for ::1 at 2015-08-04 21:31:32 +0900
Processing by MicropostsController#index as HTML
  [1m[36mMicropost Load (0.0ms)[0m  [1mSELECT "microposts".* FROM "microposts"[0m
  Rendered microposts/index.html.erb within layouts/application (15.6ms)
Completed 200 OK in 78ms (Views: 78.0ms | ActiveRecord: 0.0ms)


Started GET "/microposts/new" for ::1 at 2015-08-04 21:31:36 +0900
Processing by MicropostsController#new as HTML
  Rendered microposts/_form.html.erb (0.0ms)
  Rendered microposts/new.html.erb within layouts/application (0.0ms)
Completed 200 OK in 78ms (Views: 78.0ms | ActiveRecord: 0.0ms)


Started POST "/microposts" for ::1 at 2015-08-04 21:32:00 +0900
Processing by MicropostsController#create as HTML
  Parameters: {"utf8"=>"âœ“", "authenticity_token"=>"L0rp8CHgWX/zlFOB8HOXAi+EpC8+GDatW28VKN9T/AS6QmNuJy2S60GK6AxJWBLQDyLyx9Ks2+xnwDrOLiGo8g==", "micropost"=>{"content"=>"å…¨å‰£é€£å±…åˆé“ã€€å¼æ®µ", "user_id"=>"2"}, "commit"=>"Create Micropost"}
  [1m[35m (0.0ms)[0m  begin transaction
  [1m[36mSQL (1.0ms)[0m  [1mINSERT INTO "microposts" ("content", "user_id", "created_at", "updated_at") VALUES (?, ?, ?, ?)[0m  [["content", "å…¨å‰£é€£å±…åˆé“ã€€å¼æ®µ"], ["user_id", 2], ["created_at", "2015-08-04 12:32:00.490678"], ["updated_at", "2015-08-04 12:32:00.490678"]]
  [1m[35m (98.0ms)[0m  commit transaction
Redirected to http://localhost:3000/microposts/2
Completed 302 Found in 112ms (ActiveRecord: 99.0ms)


Started GET "/microposts/2" for ::1 at 2015-08-04 21:32:00 +0900
Processing by MicropostsController#show as HTML
  Parameters: {"id"=>"2"}
  [1m[36mMicropost Load (0.0ms)[0m  [1mSELECT  "microposts".* FROM "microposts" WHERE "microposts"."id" = ? LIMIT 1[0m  [["id", 2]]
  Rendered microposts/show.html.erb within layouts/application (0.0ms)
Completed 200 OK in 81ms (Views: 78.0ms | ActiveRecord: 0.0ms)


Started GET "/microposts" for ::1 at 2015-08-04 21:32:02 +0900
Processing by MicropostsController#index as HTML
  [1m[35mMicropost Load (0.0ms)[0m  SELECT "microposts".* FROM "microposts"
  Rendered microposts/index.html.erb within layouts/application (1.0ms)
Completed 200 OK in 49ms (Views: 49.2ms | ActiveRecord: 0.0ms)


Started GET "/microposts/new" for ::1 at 2015-08-04 21:32:04 +0900
Processing by MicropostsController#new as HTML
  Rendered microposts/_form.html.erb (0.0ms)
  Rendered microposts/new.html.erb within layouts/application (0.0ms)
Completed 200 OK in 100ms (Views: 99.6ms | ActiveRecord: 0.0ms)


Started POST "/microposts" for ::1 at 2015-08-04 21:32:36 +0900
Processing by MicropostsController#create as HTML
  Parameters: {"utf8"=>"âœ“", "authenticity_token"=>"GiCzABnPeEHWy8wjxv20W2hZZDbq2awPqYHPbWdv7D+PKDmeHwKz1WTVd65/1jGJSP8y3gZtQU6VLuCLlh24yQ==", "micropost"=>{"content"=>"æ–°é™°æµã‚’æ¥µã‚ãŸãƒ¨ãƒ¼ã‚­ãƒ¼", "user_id"=>"3"}, "commit"=>"Create Micropost"}
  [1m[36m (0.0ms)[0m  [1mbegin transaction[0m
  [1m[35mSQL (1.0ms)[0m  INSERT INTO "microposts" ("content", "user_id", "created_at", "updated_at") VALUES (?, ?, ?, ?)  [["content", "æ–°é™°æµã‚’æ¥µã‚ãŸãƒ¨ãƒ¼ã‚­ãƒ¼"], ["user_id", 3], ["created_at", "2015-08-04 12:32:36.195671"], ["updated_at", "2015-08-04 12:32:36.195671"]]
  [1m[36m (81.0ms)[0m  [1mcommit transaction[0m
Redirected to http://localhost:3000/microposts/3
Completed 302 Found in 89ms (ActiveRecord: 82.0ms)


Started GET "/microposts/3" for ::1 at 2015-08-04 21:32:36 +0900
Processing by MicropostsController#show as HTML
  Parameters: {"id"=>"3"}
  [1m[35mMicropost Load (0.0ms)[0m  SELECT  "microposts".* FROM "microposts" WHERE "microposts"."id" = ? LIMIT 1  [["id", 3]]
  Rendered microposts/show.html.erb within layouts/application (0.0ms)
Completed 200 OK in 79ms (Views: 77.0ms | ActiveRecord: 0.0ms)


Started GET "/microposts" for ::1 at 2015-08-04 21:32:38 +0900
Processing by MicropostsController#index as HTML
  [1m[36mMicropost Load (0.0ms)[0m  [1mSELECT "microposts".* FROM "microposts"[0m
  Rendered microposts/index.html.erb within layouts/application (0.0ms)
Completed 200 OK in 111ms (Views: 111.2ms | ActiveRecord: 0.0ms)
  [1m[36mUser Load (0.0ms)[0m  [1mSELECT  "users".* FROM "users"  ORDER BY "users"."id" ASC LIMIT 1[0m
  [1m[36mUser Load (0.0ms)[0m  [1mSELECT  "users".* FROM "users"  ORDER BY "users"."id" ASC LIMIT 1[0m
  [1m[36mUser Load (0.0ms)[0m  [1mSELECT  "users".* FROM "users"  ORDER BY "users"."id" ASC LIMIT 1[0m
  [1m[35mMicropost Load (0.0ms)[0m  SELECT "microposts".* FROM "microposts" WHERE "microposts"."user_id" = ?  [["user_id", 1]]
